=========================================================================
Log Path: ./log/TF32_ext.log
Program Path: C:/Users/167599/Downloads/JPMA_TF32_ext/R/00_exe.R
Working Directory: C:/Users/167599/Downloads/JPMA_TF32_ext
User Name: 167599
R Version: 4.2.3 (2023-03-15 ucrt)
Machine: CTOMW80809 x86-64
Operating System: Windows 10 x64 build 22631
Base Packages: stats graphics grDevices datasets utils methods base
Other Packages: logr_1.3.7 common_1.1.3 rstan_2.32.6 StanHeaders_2.32.7
sessioninfo_1.2.2 readr_2.1.5 survminer_0.4.9 ggpubr_0.6.0 ggplot2_3.5.1
R2jags_0.7-1.1 rjags_4-16 coda_0.19-4.1 survival_3.6-4 dplyr_1.1.4
magrittr_2.0.3
Log Start Time: 2024-11-15 14:50:53
=========================================================================

Warning: There were 7484 divergent transitions after warmup. See
https://mc-stan.org/misc/warnings.html#divergent-transitions-after-warmup to
find out why this is a problem and how to eliminate them.

NOTE: Log Print Time:  2024-11-15 21:02:46
NOTE: Elapsed Time: 6.19809733503395 hours

Warning: There were 1188 transitions after warmup that exceeded the maximum
treedepth. Increase max_treedepth above 10. See
https://mc-stan.org/misc/warnings.html#maximum-treedepth-exceeded

NOTE: Log Print Time:  2024-11-15 21:02:46
NOTE: Elapsed Time: 0.00628089904785156 secs

Warning: Examine the pairs() plot to diagnose sampling problems

NOTE: Log Print Time:  2024-11-15 21:02:46
NOTE: Elapsed Time: 0.00651907920837402 secs

Warning: The largest R-hat is 1.08, indicating chains have not mixed. Running
the chains for more iterations may help. See
https://mc-stan.org/misc/warnings.html#r-hat

NOTE: Log Print Time:  2024-11-15 21:02:54
NOTE: Elapsed Time: 8.01668691635132 secs

Warning: Bulk Effective Samples Size (ESS) is too low, indicating posterior
means and medians may be unreliable. Running the chains for more iterations may
help. See https://mc-stan.org/misc/warnings.html#bulk-ess

NOTE: Log Print Time:  2024-11-15 21:03:01
NOTE: Elapsed Time: 6.91689300537109 secs

Warning: Tail Effective Samples Size (ESS) is too low, indicating posterior
variances and tail quantiles may be unreliable. Running the chains for more
iterations may help. See https://mc-stan.org/misc/warnings.html#tail-ess

NOTE: Log Print Time:  2024-11-15 21:03:10
NOTE: Elapsed Time: 8.52466011047363 secs

=========================================================================
Log End Time: 2024-11-15 21:03:20
Log Elapsed Time: 0 06:12:26
=========================================================================
